<?xml version="1.0" encoding="UTF-8"?>
<!-- Generated by org.testng.reporters.JUnitXMLReporter -->
<testsuite ignored="0" hostname="LAPTOP-K1LSNNGL" failures="0" tests="5" name="Default test" time="2.853" errors="0" timestamp="2024-04-11T10:13:25 IST">
  <testcase classname="com.Flyaway.Flyaway_Capstone_API" name="testLoginAction" time="2.064"/>
  <testcase classname="com.Flyaway.Flyaway_Capstone_API" name="login" time="0.089"/>
  <testcase classname="com.Flyaway.Flyaway_Capstone_API" name="homepage" time="0.105"/>
  <testcase classname="com.Flyaway.Flyaway_Capstone_API" name="BookFlight" time="0.126"/>
  <testcase classname="com.Flyaway.Flyaway_Capstone_API" name="completepurchase" time="0.055"/>
</testsuite> <!-- Default test -->
