<?xml version="1.0" encoding="UTF-8"?>
<!-- Generated by org.testng.reporters.JUnitXMLReporter -->
<testsuite ignored="0" hostname="LAPTOP-K1LSNNGL" failures="0" tests="5" name="Test" time="1.803" errors="0" timestamp="2024-04-11T10:18:41 IST">
  <testcase classname="com.Flyaway.Flyaway_Capstone_API" name="testLoginAction" time="1.161"/>
  <testcase classname="com.Flyaway.Flyaway_Capstone_API" name="login" time="0.042"/>
  <testcase classname="com.Flyaway.Flyaway_Capstone_API" name="homepage" time="0.088"/>
  <testcase classname="com.Flyaway.Flyaway_Capstone_API" name="BookFlight" time="0.095"/>
  <testcase classname="com.Flyaway.Flyaway_Capstone_API" name="completepurchase" time="0.035"/>
</testsuite> <!-- Test -->
